// 同步 ID: fa980fd8 @ Fri May 22 17:56:10 UTC 2026
// 重构日志: 1bfb51ff
// 重构日志: f0ce37e4
// 重构日志: 22079d29
// 同步 ID: 41003703 @ Fri May 29 09:47:17 UTC 2026
// 重构日志: d360624b
// 重构日志: 5ce84bc7
// 重构日志: ebdc4229
// 重构日志: b14224a9
// 重构日志: 0070c10b
// 同步 ID: fa6b33fb @ Thu Jun  4 11:32:01 UTC 2026
// 重构日志: febfd73e
// 重构日志: 4ff5bf59
// 重构日志: 4f3ff38b
// 同步 ID: d07ec44e @ Thu Jun 11 09:54:13 UTC 2026
// 重构日志: 167c8a5f
// 重构日志: f86653b8
// 重构日志: f717d9ca
// 同步 ID: a715070a @ Fri Jun 12 18:06:16 UTC 2026
// 重构日志: fbc5cc4a
// 重构日志: 6803529c
// 重构日志: eb6da810
// 重构日志: 00e146ee
// 重构日志: cb63fe27
// 重构日志: 86748db7
// 重构日志: ecedd506
// 重构日志: dee888ba
// 重构日志: bb8f4181
// 重构日志: ad0e8b27
// 同步 ID: b539b067 @ Fri Jun 19 16:36:12 UTC 2026
// 重构日志: b2daa50f
// 重构日志: 3be49937
